# JRE version: OpenJDK Runtime Environment 18.9 (11.0.13+8) (build 11.0.13+8)
# Java VM: OpenJDK 64-Bit Server VM 18.9 (11.0.13+8, mixed mode, sharing, tiered, compressed oops, g1 gc, linux-amd64)
Heap:
 garbage-first heap   total 264192K, used 161042K [0x00000000e0000000, 0x0000000100000000)
  region size 1024K, 23 young (23552K), 5 survivors (5120K)
 Metaspace       used 101281K, capacity 104952K, committed 105292K, reserved 346112K
  class space    used 12688K, capacity 13861K, committed 13952K, reserved 253952K
GC Heap History (20 events):
Event: 8155.586 GC heap before
{Heap before GC invocations=28 (full 0):
 garbage-first heap   total 264192K, used 208815K [0x00000000e0000000, 0x0000000100000000)
  region size 1024K, 87 young (89088K), 12 survivors (12288K)
 Metaspace       used 99464K, capacity 102959K, committed 103116K, reserved 344064K
  class space    used 12615K, capacity 13707K, committed 13824K, reserved 253952K
}
Event: 8155.669 GC heap after
{Heap after GC invocations=29 (full 0):
 garbage-first heap   total 264192K, used 141054K [0x00000000e0000000, 0x0000000100000000)
  region size 1024K, 8 young (8192K), 8 survivors (8192K)
 Metaspace       used 99464K, capacity 102959K, committed 103116K, reserved 344064K
  class space    used 12615K, capacity 13707K, committed 13824K, reserved 253952K
}
Event: 8246.800 GC heap before
{Heap before GC invocations=30 (full 0):
 garbage-first heap   total 264192K, used 205566K [0x00000000e0000000, 0x0000000100000000)
  region size 1024K, 78 young (79872K), 8 survivors (8192K)
 Metaspace       used 100022K, capacity 103548K, committed 103884K, reserved 344064K
  class space    used 12646K, capacity 13763K, committed 13824K, reserved 253952K
}
Event: 8246.830 GC heap after
{Heap after GC invocations=31 (full 0):
 garbage-first heap   total 264192K, used 136880K [0x00000000e0000000, 0x0000000100000000)
  region size 1024K, 5 young (5120K), 5 survivors (5120K)
 Metaspace       used 100022K, capacity 103548K, committed 103884K, reserved 344064K
  class space    used 12646K, capacity 13763K, committed 13824K, reserved 253952K
}
Event: 8255.455 GC heap before
{Heap before GC invocations=31 (full 0):
 garbage-first heap   total 264192K, used 144048K [0x00000000e0000000, 0x0000000100000000)
  region size 1024K, 12 young (12288K), 5 survivors (5120K)
 Metaspace       used 100074K, capacity 103593K, committed 103884K, reserved 344064K
  class space    used 12651K, capacity 13774K, committed 13824K, reserved 253952K
}
Event: 8255.497 GC heap after
{Heap after GC invocations=32 (full 0):
 garbage-first heap   total 264192K, used 125169K [0x00000000e0000000, 0x0000000100000000)
  region size 1024K, 2 young (2048K), 2 survivors (2048K)
 Metaspace       used 100074K, capacity 103593K, committed 103884K, reserved 344064K
  class space    used 12651K, capacity 13774K, committed 13824K, reserved 253952K
}
Event: 8256.871 GC heap before
{Heap before GC invocations=32 (full 0):
 garbage-first heap   total 264192K, used 206065K [0x00000000e0000000, 0x0000000100000000)
  region size 1024K, 82 young (83968K), 2 survivors (2048K)
 Metaspace       used 100426K, capacity 104052K, committed 104140K, reserved 346112K
  class space    used 12664K, capacity 13798K, committed 13824K, reserved 253952K
}
Event: 8256.908 GC heap after
{Heap after GC invocations=33 (full 0):
 garbage-first heap   total 264192K, used 138599K [0x00000000e0000000, 0x0000000100000000)
  region size 1024K, 11 young (11264K), 11 survivors (11264K)
 Metaspace       used 100426K, capacity 104052K, committed 104140K, reserved 346112K
  class space    used 12664K, capacity 13798K, committed 13824K, reserved 253952K
}
Event: 8258.390 GC heap before
{Heap before GC invocations=34 (full 0):
 garbage-first heap   total 264192K, used 201063K [0x00000000e0000000, 0x0000000100000000)
  region size 1024K, 82 young (83968K), 11 survivors (11264K)
 Metaspace       used 100654K, capacity 104279K, committed 104524K, reserved 346112K
  class space    used 12667K, capacity 13828K, committed 13952K, reserved 253952K
}
Event: 8258.442 GC heap after
{Heap after GC invocations=35 (full 0):
 garbage-first heap   total 264192K, used 134417K [0x00000000e0000000, 0x0000000100000000)
  region size 1024K, 5 young (5120K), 5 survivors (5120K)
 Metaspace       used 100654K, capacity 104279K, committed 104524K, reserved 346112K
  class space    used 12667K, capacity 13828K, committed 13952K, reserved 253952K
}
Event: 8258.623 GC heap before
{Heap before GC invocations=35 (full 0):
 garbage-first heap   total 264192K, used 140561K [0x00000000e0000000, 0x0000000100000000)
  region size 1024K, 12 young (12288K), 5 survivors (5120K)
 Metaspace       used 100657K, capacity 104280K, committed 104524K, reserved 346112K
  class space    used 12667K, capacity 13828K, committed 13952K, reserved 253952K
}
Event: 8258.690 GC heap after
{Heap after GC invocations=36 (full 0):
 garbage-first heap   total 264192K, used 122841K [0x00000000e0000000, 0x0000000100000000)
  region size 1024K, 2 young (2048K), 2 survivors (2048K)
 Metaspace       used 100657K, capacity 104280K, committed 104524K, reserved 346112K
  class space    used 12667K, capacity 13828K, committed 13952K, reserved 253952K
}
Event: 8316.537 GC heap before
{Heap before GC invocations=36 (full 0):
 garbage-first heap   total 264192K, used 201689K [0x00000000e0000000, 0x0000000100000000)
  region size 1024K, 80 young (81920K), 2 survivors (2048K)
 Metaspace       used 100888K, capacity 104551K, committed 104780K, reserved 346112K
  class space    used 12677K, capacity 13844K, committed 13952K, reserved 253952K
}
Event: 8316.597 GC heap after
{Heap after GC invocations=37 (full 0):
 garbage-first heap   total 264192K, used 135628K [0x00000000e0000000, 0x0000000100000000)
  region size 1024K, 10 young (10240K), 10 survivors (10240K)
 Metaspace       used 100888K, capacity 104551K, committed 104780K, reserved 346112K
  class space    used 12677K, capacity 13844K, committed 13952K, reserved 253952K
}
Event: 8317.786 GC heap before
{Heap before GC invocations=38 (full 0):
 garbage-first heap   total 264192K, used 207308K [0x00000000e0000000, 0x0000000100000000)
  region size 1024K, 81 young (82944K), 10 survivors (10240K)
 Metaspace       used 101006K, capacity 104628K, committed 105036K, reserved 346112K
  class space    used 12679K, capacity 13847K, committed 13952K, reserved 253952K
}
Event: 8317.823 GC heap after
{Heap after GC invocations=39 (full 0):
 garbage-first heap   total 264192K, used 143568K [0x00000000e0000000, 0x0000000100000000)
  region size 1024K, 8 young (8192K), 8 survivors (8192K)
 Metaspace       used 101006K, capacity 104628K, committed 105036K, reserved 346112K
  class space    used 12679K, capacity 13847K, committed 13952K, reserved 253952K
}
Event: 8317.874 GC heap before
{Heap before GC invocations=39 (full 0):
 garbage-first heap   total 264192K, used 146640K [0x00000000e0000000, 0x0000000100000000)
  region size 1024K, 12 young (12288K), 8 survivors (8192K)
 Metaspace       used 101012K, capacity 104628K, committed 105036K, reserved 346112K
  class space    used 12679K, capacity 13847K, committed 13952K, reserved 253952K
}
Event: 8317.938 GC heap after
{Heap after GC invocations=40 (full 0):
 garbage-first heap   total 264192K, used 140771K [0x00000000e0000000, 0x0000000100000000)
  region size 1024K, 2 young (2048K), 2 survivors (2048K)
 Metaspace       used 101012K, capacity 104628K, committed 105036K, reserved 346112K
  class space    used 12679K, capacity 13847K, committed 13952K, reserved 253952K
}
Event: 8566.924 GC heap before
{Heap before GC invocations=40 (full 0):
 garbage-first heap   total 264192K, used 209379K [0x00000000e0000000, 0x0000000100000000)
  region size 1024K, 70 young (71680K), 2 survivors (2048K)
 Metaspace       used 101250K, capacity 104922K, committed 105292K, reserved 346112K
  class space    used 12684K, capacity 13853K, committed 13952K, reserved 253952K
}
Event: 8566.959 GC heap after
{Heap after GC invocations=41 (full 0):
 garbage-first heap   total 264192K, used 143634K [0x00000000e0000000, 0x0000000100000000)
  region size 1024K, 5 young (5120K), 5 survivors (5120K)
 Metaspace       used 101250K, capacity 104922K, committed 105292K, reserved 346112K
  class space    used 12684K, capacity 13853K, committed 13952K, reserved 253952K
}

